# JRE version: Java(TM) SE Runtime Environment (17.0.8+9) (build 17.0.8+9-LTS-211)
# Java VM: Java HotSpot(TM) 64-Bit Server VM (17.0.8+9-LTS-211, mixed mode, sharing, tiered, compressed oops, compressed class ptrs, g1 gc, windows-amd64)
GC Precious Log:
 CPUs: 6 total, 6 available
 Memory: 16245M
 Large Page Support: Disabled
 NUMA Support: Disabled
 Compressed Oops: Enabled (Zero based)
 Heap Region Size: 2M
 Heap Min Capacity: 8M
 Heap Initial Capacity: 254M
 Heap Max Capacity: 4062M
 Pre-touch: Disabled
 Parallel Workers: 6
 Concurrent Workers: 2
 Concurrent Refinement Workers: 6
 Periodic GC: Disabled
Heap:
 garbage-first heap   total 124928K, used 85762K [0x0000000702200000, 0x0000000800000000)
  region size 2048K, 16 young (32768K), 3 survivors (6144K)
 Metaspace       used 29193K, committed 29568K, reserved 1114112K
  class space    used 3339K, committed 3520K, reserved 1048576K
GC Heap History (14 events):
Event: 0.474 GC heap before
{Heap before GC invocations=0 (full 0):
 garbage-first heap   total 260096K, used 20480K [0x0000000702200000, 0x0000000800000000)
  region size 2048K, 10 young (20480K), 0 survivors (0K)
 Metaspace       used 5430K, committed 5632K, reserved 1114112K
  class space    used 646K, committed 768K, reserved 1048576K
}
Event: 0.477 GC heap after
{Heap after GC invocations=1 (full 0):
 garbage-first heap   total 260096K, used 3876K [0x0000000702200000, 0x0000000800000000)
  region size 2048K, 2 young (4096K), 2 survivors (4096K)
 Metaspace       used 5430K, committed 5632K, reserved 1114112K
  class space    used 646K, committed 768K, reserved 1048576K
}
Event: 0.824 GC heap before
{Heap before GC invocations=1 (full 0):
 garbage-first heap   total 260096K, used 28452K [0x0000000702200000, 0x0000000800000000)
  region size 2048K, 14 young (28672K), 2 survivors (4096K)
 Metaspace       used 8504K, committed 8640K, reserved 1114112K
  class space    used 1027K, committed 1088K, reserved 1048576K
}
Event: 0.828 GC heap after
{Heap after GC invocations=2 (full 0):
 garbage-first heap   total 260096K, used 5132K [0x0000000702200000, 0x0000000800000000)
  region size 2048K, 1 young (2048K), 1 survivors (2048K)
 Metaspace       used 8504K, committed 8640K, reserved 1114112K
  class space    used 1027K, committed 1088K, reserved 1048576K
}
Event: 2.580 GC heap before
{Heap before GC invocations=2 (full 0):
 garbage-first heap   total 260096K, used 158732K [0x0000000702200000, 0x0000000800000000)
  region size 2048K, 76 young (155648K), 1 survivors (2048K)
 Metaspace       used 16045K, committed 16256K, reserved 1114112K
  class space    used 1844K, committed 1920K, reserved 1048576K
}
Event: 2.593 GC heap after
{Heap after GC invocations=3 (full 0):
 garbage-first heap   total 260096K, used 21312K [0x0000000702200000, 0x0000000800000000)
  region size 2048K, 9 young (18432K), 9 survivors (18432K)
 Metaspace       used 16045K, committed 16256K, reserved 1114112K
  class space    used 1844K, committed 1920K, reserved 1048576K
}
Event: 3.491 GC heap before
{Heap before GC invocations=3 (full 0):
 garbage-first heap   total 260096K, used 78656K [0x0000000702200000, 0x0000000800000000)
  region size 2048K, 36 young (73728K), 9 survivors (18432K)
 Metaspace       used 21286K, committed 21504K, reserved 1114112K
  class space    used 2463K, committed 2560K, reserved 1048576K
}
Event: 3.503 GC heap after
{Heap after GC invocations=4 (full 0):
 garbage-first heap   total 260096K, used 31356K [0x0000000702200000, 0x0000000800000000)
  region size 2048K, 4 young (8192K), 4 survivors (8192K)
 Metaspace       used 21286K, committed 21504K, reserved 1114112K
  class space    used 2463K, committed 2560K, reserved 1048576K
}
Event: 4.239 GC heap before
{Heap before GC invocations=5 (full 0):
 garbage-first heap   total 116736K, used 92796K [0x0000000702200000, 0x0000000800000000)
  region size 2048K, 35 young (71680K), 4 survivors (8192K)
 Metaspace       used 25796K, committed 26176K, reserved 1114112K
  class space    used 2972K, committed 3136K, reserved 1048576K
}
Event: 4.257 GC heap after
{Heap after GC invocations=6 (full 0):
 garbage-first heap   total 124928K, used 50946K [0x0000000702200000, 0x0000000800000000)
  region size 2048K, 9 young (18432K), 9 survivors (18432K)
 Metaspace       used 25796K, committed 26176K, reserved 1114112K
  class space    used 2972K, committed 3136K, reserved 1048576K
}
Event: 5.056 GC heap before
{Heap before GC invocations=6 (full 0):
 garbage-first heap   total 124928K, used 87810K [0x0000000702200000, 0x0000000800000000)
  region size 2048K, 27 young (55296K), 9 survivors (18432K)
 Metaspace       used 27718K, committed 28032K, reserved 1114112K
  class space    used 3178K, committed 3328K, reserved 1048576K
}
Event: 5.070 GC heap after
{Heap after GC invocations=7 (full 0):
 garbage-first heap   total 124928K, used 54468K [0x0000000702200000, 0x0000000800000000)
  region size 2048K, 2 young (4096K), 2 survivors (4096K)
 Metaspace       used 27718K, committed 28032K, reserved 1114112K
  class space    used 3178K, committed 3328K, reserved 1048576K
}
Event: 5.807 GC heap before
{Heap before GC invocations=7 (full 0):
 garbage-first heap   total 124928K, used 91332K [0x0000000702200000, 0x0000000800000000)
  region size 2048K, 19 young (38912K), 2 survivors (4096K)
 Metaspace       used 29121K, committed 29440K, reserved 1114112K
  class space    used 3338K, committed 3520K, reserved 1048576K
}
Event: 5.816 GC heap after
{Heap after GC invocations=8 (full 0):
 garbage-first heap   total 124928K, used 61186K [0x0000000702200000, 0x0000000800000000)
  region size 2048K, 3 young (6144K), 3 survivors (6144K)
 Metaspace       used 29121K, committed 29440K, reserved 1114112K
  class space    used 3338K, committed 3520K, reserved 1048576K
}

